#
# A fatal error has been detected by the Java Runtime Environment:
#
#  EXCEPTION_ACCESS_VIOLATION (0xc0000005) at pc=0x0000000004b3d5a7, pid=8732, tid=0x0000000000002204
#
# JRE version: OpenJDK Runtime Environment (8.0_152-b01) (build 1.8.0_152-release-1343-b01)
# Java VM: OpenJDK 64-Bit Server VM (25.152-b01 mixed mode windows-amd64 compressed oops)
# Problematic frame:
# J 12968 C1 com.android.tools.r8.ir.conversion.IRConverter.rewriteCode(Lcom/android/tools/r8/graph/DexEncodedMethod;Lcom/android/tools/r8/ir/conversion/OptimizationFeedback;Ljava/util/function/Predicate;Lcom/android/tools/r8/ir/conversion/CallSiteInformation;Ljava/util/function/BiConsumer;)V (1959 bytes) @ 0x0000000004b3d5a7 [0x0000000004b39ae0+0x3ac7]
#
# Failed to write core dump. Minidumps are not enabled by default on client versions of Windows
#
# If you would like to submit a bug report, please visit:
#   http://bugreport.java.com/bugreport/crash.jsp
#

---------------  T H R E A D  ---------------

Current thread (0x000000005b606800):  JavaThread "Execution worker for ':'" [_thread_in_Java, id=8708, stack(0x0000000061060000,0x0000000061160000)]

siginfo: ExceptionCode=0xc0000005, reading address 0x0000000062f72fd0

Registers:
RAX=0x0000000000000000, RBX=0x00000000f6931378, RCX=0x00000000f6931420, RDX=0x00000000f16d51b0
RSP=0x000000006115a2f0, RBP=0x000000006115ab80, RSI=0x0000000000000000, RDI=0x00000000f6931230
R8 =0x0000000062f714a8, R9 =0x0000000000001b28, R10=0x000000001616bc58, R11=0x00000000a30342a0
R12=0x0000000000000000, R13=0x00000000f6931360, R14=0x0000000015751610, R15=0x000000005b606800
RIP=0x0000000004b3d5a7, EFLAGS=0x0000000000010246

Top of Stack: (sp=0x000000006115a2f0)
0x000000006115a2f0:   8000000000000000 000000003f400000
0x000000006115a300:   0000000000000000 0000000000000000
0x000000006115a310:   0000000000000000 0000000000000000
0x000000006115a320:   0000000000000000 0000000000000000
0x000000006115a330:   0000000000000000 0000000000000000
0x000000006115a340:   0000000000000000 00000000f28e9608
0x000000006115a350:   00000000f16d51b0 00000000f28c6358
0x000000006115a360:   00000000f16acdd0 00000000f16d54e0
0x000000006115a370:   00000000f2943c18 0000000004bdcd9b
0x000000006115a380:   000000006115ab80 0000000004bdcdfc
0x000000006115a390:   0000000000000008 00000000f28e93f0
0x000000006115a3a0:   00000000f28e9270 000000017ffffff7
0x000000006115a3b0:   00000000a3247428 00000000a3247438
0x000000006115a3c0:   00000000f16d54e0 00000000a3247448
0x000000006115a3d0:   00000000f1632758 00000000f28c6358
0x000000006115a3e0:   00000000f16d54e0 0000000004b3db8b 

Instructions: (pc=0x0000000004b3d5a7)
0x0000000004b3d587:   d7 62 00 00 00 00 49 b9 28 1b 00 00 00 00 00 00
0x0000000004b3d597:   0f 84 0a 00 00 00 49 b9 38 1b 00 00 00 00 00 00
0x0000000004b3d5a7:   4b 8b 3c 08 48 8d 7f 01 4b 89 3c 08 0f 84 dc 00
0x0000000004b3d5b7:   00 00 48 89 84 24 a0 01 00 00 48 3b 06 4c 8b c6 


Register to memory mapping:

RAX=0x0000000000000000 is an unknown value
RBX=0x00000000f6931378 is an oop
[C 
 - klass: {type array char}
 - length: 78
RCX=0x00000000f6931420 is an oop
java.util.Collections$UnmodifiableCollection$1 
 - klass: 'java/util/Collections$UnmodifiableCollection$1'
RDX=0x00000000f16d51b0 is an oop
com.android.tools.r8.ir.conversion.IRConverter 
 - klass: 'com/android/tools/r8/ir/conversion/IRConverter'
RSP=0x000000006115a2f0 is pointing into the stack for thread: 0x000000005b606800
RBP=0x000000006115ab80 is pointing into the stack for thread: 0x000000005b606800
RSI=0x0000000000000000 is an unknown value
RDI=0x00000000f6931230 is an oop
[C 
 - klass: {type array char}
 - length: 142
R8 =0x0000000062f714a8 is an unknown value
R9 =0x0000000000001b28 is an unknown value
R10=0x000000001616bc58 is pointing into metadata
R11=0x00000000a30342a0 is an oop
com.android.tools.r8.com.google.common.collect.RegularImmutableSet 
 - klass: 'com/android/tools/r8/com/google/common/collect/RegularImmutableSet'
R12=0x0000000000000000 is an unknown value
R13=0x00000000f6931360 is an oop
java.lang.String 
 - klass: 'java/lang/String'
R14=0x0000000015751610 is pointing into metadata
R15=0x000000005b606800 is a thread


Stack: [0x0000000061060000,0x0000000061160000],  sp=0x000000006115a2f0,  free space=1000k
Native frames: (J=compiled Java code, j=interpreted, Vv=VM code, C=native code)
C  0x0000000004b3d5a7


---------------  P R O C E S S  ---------------

Java Threads: ( => current thread )
  0x000000005c22f800 JavaThread "Cache worker for Java compile cache (E:\Android\UdacityProjects\Pets\.gradle\5.1.1\javaCompile)" [_thread_blocked, id=1412, stack(0x00000000579c0000,0x0000000057ac0000)]
  0x000000005b60d000 JavaThread "Cache worker for Java compile cache (C:\Users\Bogdan\.gradle\caches\5.1.1\javaCompile)" [_thread_blocked, id=9064, stack(0x00000000621a0000,0x00000000622a0000)]
  0x000000005b60b800 JavaThread "stdout" [_thread_in_native, id=7680, stack(0x0000000061e20000,0x0000000061f20000)]
  0x000000005b60a800 JavaThread "stderr" [_thread_in_native, id=7324, stack(0x0000000061d00000,0x0000000061e00000)]
  0x000000005b60a000 JavaThread "pool-4-thread-1" [_thread_blocked, id=8144, stack(0x0000000061bc0000,0x0000000061cc0000)]
  0x000000005b607800 JavaThread "Cache worker for execution history cache (E:\Android\UdacityProjects\Pets\.gradle\5.1.1\executionHistory)" [_thread_blocked, id=7612, stack(0x0000000061a80000,0x0000000061b80000)]
=>0x000000005b606800 JavaThread "Execution worker for ':'" [_thread_in_Java, id=8708, stack(0x0000000061060000,0x0000000061160000)]
  0x000000005b606000 JavaThread "Cache worker for file content cache (E:\Android\UdacityProjects\Pets\.gradle\5.1.1\fileContent)" [_thread_blocked, id=8564, stack(0x00000000616c0000,0x00000000617c0000)]
  0x000000005b058800 JavaThread "Cache worker for file content cache (C:\Users\Bogdan\.gradle\caches\5.1.1\fileContent)" [_thread_blocked, id=980, stack(0x000000005a3d0000,0x000000005a4d0000)]
  0x000000005b058000 JavaThread "Cache worker for Build Output Cleanup Cache (E:\Android\UdacityProjects\Pets\.gradle\buildOutputCleanup)" [_thread_blocked, id=4720, stack(0x000000005e810000,0x000000005e910000)]
  0x000000005b057000 JavaThread "Build operations Thread 2" [_thread_blocked, id=8092, stack(0x0000000061430000,0x0000000061530000)]
  0x000000005b056800 JavaThread "Build operations" [_thread_blocked, id=2288, stack(0x0000000059c60000,0x0000000059d60000)]
  0x000000005b055800 JavaThread "Cache worker for cache directory md-rule (C:\Users\Bogdan\.gradle\caches\5.1.1\md-rule)" [_thread_blocked, id=8640, stack(0x000000005a9c0000,0x000000005aac0000)]
  0x0000000058cf5800 JavaThread "Cache worker for cache directory md-supplier (C:\Users\Bogdan\.gradle\caches\5.1.1\md-supplier)" [_thread_blocked, id=7544, stack(0x000000005e260000,0x000000005e360000)]
  0x0000000058cf6000 JavaThread "Cache worker for file hash cache (E:\Android\UdacityProjects\Pets\.gradle\5.1.1\fileHashes)" [_thread_blocked, id=8220, stack(0x000000005bde0000,0x000000005bee0000)]
  0x0000000058cf1800 JavaThread "Thread-25" [_thread_blocked, id=7824, stack(0x000000005da10000,0x000000005db10000)]
  0x000000005bfed000 JavaThread "Stdin handler" [_thread_blocked, id=8860, stack(0x000000005d8f0000,0x000000005d9f0000)]
  0x000000005bfec000 JavaThread "Asynchronous log dispatcher for DefaultDaemonConnection: socket connection from /127.0.0.1:50402 to /127.0.0.1:50627" [_thread_blocked, id=784, stack(0x000000005a4e0000,0x000000005a5e0000)]
  0x000000005bfeb000 JavaThread "Daemon worker Thread 2" [_thread_blocked, id=7764, stack(0x000000005a2d0000,0x000000005a3d0000)]
  0x000000005bfe8000 JavaThread "Cancel handler" [_thread_blocked, id=3744, stack(0x000000005a170000,0x000000005a270000)]
  0x000000005bfe6000 JavaThread "Handler for socket connection from /127.0.0.1:50402 to /127.0.0.1:50627" [_thread_in_native, id=5940, stack(0x000000005a020000,0x000000005a120000)]
  0x000000005bfe6800 JavaThread "Daemon Thread 2" [_thread_blocked, id=9072, stack(0x00000000599a0000,0x0000000059aa0000)]
  0x000000005bfea800 JavaThread "Memory manager" [_thread_blocked, id=7312, stack(0x000000005f730000,0x000000005f830000)]
  0x0000000058cf7000 JavaThread "Cache worker for execution history cache (C:\Users\Bogdan\.gradle\caches\5.1.1\executionHistory)" [_thread_blocked, id=7696, stack(0x000000005db50000,0x000000005dc50000)]
  0x0000000058cf1000 JavaThread "Cache worker for journal cache (C:\Users\Bogdan\.gradle\caches\journal-1)" [_thread_blocked, id=7476, stack(0x000000005aac0000,0x000000005abc0000)]
  0x0000000058cef800 JavaThread "File lock request listener" [_thread_in_native, id=9040, stack(0x000000005a860000,0x000000005a960000)]
  0x0000000058c1d000 JavaThread "Cache worker for file hash cache (C:\Users\Bogdan\.gradle\caches\5.1.1\fileHashes)" [_thread_blocked, id=7676, stack(0x000000005a660000,0x000000005a760000)]
  0x000000005776c800 JavaThread "Daemon periodic checks" [_thread_blocked, id=6436, stack(0x0000000059b30000,0x0000000059c30000)]
  0x0000000058b64000 JavaThread "Incoming local TCP Connector on port 50402" [_thread_in_native, id=7768, stack(0x0000000059870000,0x0000000059970000)]
  0x000000005614c000 JavaThread "Service Thread" daemon [_thread_blocked, id=8280, stack(0x00000000574c0000,0x00000000575c0000)]
  0x00000000560e4800 JavaThread "C1 CompilerThread1" daemon [_thread_blocked, id=7232, stack(0x0000000057310000,0x0000000057410000)]
  0x00000000560f2000 JavaThread "C2 CompilerThread0" daemon [_thread_blocked, id=8108, stack(0x00000000570e0000,0x00000000571e0000)]
  0x00000000560f0800 JavaThread "Attach Listener" daemon [_thread_blocked, id=8188, stack(0x0000000056f70000,0x0000000057070000)]
  0x00000000560ef800 JavaThread "Signal Dispatcher" daemon [_thread_blocked, id=5220, stack(0x0000000056e50000,0x0000000056f50000)]
  0x00000000560cd000 JavaThread "Finalizer" daemon [_thread_blocked, id=8808, stack(0x0000000056d40000,0x0000000056e40000)]
  0x0000000056084000 JavaThread "Reference Handler" daemon [_thread_blocked, id=8472, stack(0x0000000056bb0000,0x0000000056cb0000)]
  0x000000000225e800 JavaThread "main" [_thread_blocked, id=7620, stack(0x0000000002390000,0x0000000002490000)]

Other Threads:
  0x000000005607c000 VMThread [stack: 0x0000000056a80000,0x0000000056b80000] [id=7720]
  0x00000000575c0800 WatcherThread [stack: 0x0000000057b40000,0x0000000057c40000] [id=1040]

VM state:synchronizing (normal execution)

VM Mutex/Monitor currently owned by a thread:  ([mutex/lock_event])
[0x000000000225c900] Safepoint_lock - owner thread: 0x000000005607c000
[0x000000000225c980] Threads_lock - owner thread: 0x000000005607c000

Heap:
 PSYoungGen      total 488960K, used 382209K [0x00000000e0000000, 0x00000000ffd00000, 0x0000000100000000)
  eden space 460800K, 80% used [0x00000000e0000000,0x00000000f6c698d0,0x00000000fc200000)
  from space 28160K, 32% used [0x00000000fe180000,0x00000000fea56d28,0x00000000ffd00000)
  to   space 30208K, 0% used [0x00000000fc200000,0x00000000fc200000,0x00000000fdf80000)
 ParOldGen       total 76800K, used 56369K [0x00000000a0000000, 0x00000000a4b00000, 0x00000000e0000000)
  object space 76800K, 73% used [0x00000000a0000000,0x00000000a370c6e8,0x00000000a4b00000)
 Metaspace       used 85383K, capacity 88438K, committed 88576K, reserved 1126400K
  class space    used 10889K, capacity 11515K, committed 11520K, reserved 1048576K

Card table byte_map: [0x0000000011b20000,0x0000000011e30000] byte_map_base: 0x0000000011620000

Marking Bits: (ParMarkBitMap*) 0x000000006e405aa0
 Begin Bits: [0x0000000012450000, 0x0000000013c50000)
 End Bits:   [0x0000000013c50000, 0x0000000015450000)

Polling page: 0x00000000001b0000

CodeCache: size=245760Kb used=39925Kb max_used=40222Kb free=205834Kb
 bounds [0x0000000002760000, 0x0000000004ef0000, 0x0000000011760000]
 total_blobs=13685 nmethods=12829 adapters=768
 compilation: enabled

Compilation events (10 events):
Event: 1222.699 Thread 0x00000000560e4800 15068       2       com.android.tools.r8.ir.code.InstanceOf::evaluate (4 bytes)
Event: 1222.700 Thread 0x00000000560e4800 nmethod 15068 0x0000000003451950 code [0x0000000003451aa0, 0x0000000003451bf0]
Event: 1222.744 Thread 0x00000000560e4800 15070       2       com.android.tools.r8.ir.regalloc.SpillMoveSet$$Lambda$489/317714163::apply (8 bytes)
Event: 1222.745 Thread 0x00000000560e4800 nmethod 15070 0x0000000002ce3010 code [0x0000000002ce31a0, 0x0000000002ce3448]
Event: 1222.752 Thread 0x00000000560e4800 15071       2       com.android.tools.r8.ir.code.Move::identicalNonValueNonPositionParts (5 bytes)
Event: 1222.752 Thread 0x00000000560e4800 nmethod 15071 0x0000000002cd47d0 code [0x0000000002cd4940, 0x0000000002cd4ac8]
Event: 1222.826 Thread 0x00000000560f2000 nmethod 14988% 0x0000000004ed9350 code [0x0000000004eda020, 0x0000000004ee23f8]
Event: 1222.829 Thread 0x00000000560f2000 15020       4       java.util.stream.ReferencePipeline$2$1::accept (27 bytes)
Event: 1222.830 Thread 0x00000000560f2000 nmethod 15020 0x0000000003888ed0 code [0x0000000003889020, 0x00000000038890d8]
Event: 1222.832 Thread 0x00000000560f2000 15002 %     4       com.android.tools.r8.ir.conversion.IRBuilder::build @ 159 (835 bytes)

GC Heap History (10 events):
Event: 27.185 GC heap before
{Heap before GC invocations=13 (full 3):
 PSYoungGen      total 319488K, used 13323K [0x00000000e0000000, 0x00000000f5a80000, 0x0000000100000000)
  eden space 297472K, 0% used [0x00000000e0000000,0x00000000e0000000,0x00000000f2280000)
  from space 22016K, 60% used [0x00000000f3800000,0x00000000f4502fa0,0x00000000f4d80000)
  to   space 22016K, 0% used [0x00000000f2280000,0x00000000f2280000,0x00000000f3800000)
 ParOldGen       total 54272K, used 28547K [0x00000000a0000000, 0x00000000a3500000, 0x00000000e0000000)
  object space 54272K, 52% used [0x00000000a0000000,0x00000000a1be0d80,0x00000000a3500000)
 Metaspace       used 57610K, capacity 59060K, committed 59136K, reserved 1099776K
  class space    used 7793K, capacity 8173K, committed 8192K, reserved 1048576K
Event: 27.795 GC heap after
Heap after GC invocations=13 (full 3):
 PSYoungGen      total 319488K, used 0K [0x00000000e0000000, 0x00000000f5a80000, 0x0000000100000000)
  eden space 297472K, 0% used [0x00000000e0000000,0x00000000e0000000,0x00000000f2280000)
  from space 22016K, 0% used [0x00000000f3800000,0x00000000f3800000,0x00000000f4d80000)
  to   space 22016K, 0% used [0x00000000f2280000,0x00000000f2280000,0x00000000f3800000)
 ParOldGen       total 76800K, used 27768K [0x00000000a0000000, 0x00000000a4b00000, 0x00000000e0000000)
  object space 76800K, 36% used [0x00000000a0000000,0x00000000a1b1e270,0x00000000a4b00000)
 Metaspace       used 57610K, capacity 59060K, committed 59136K, reserved 1099776K
  class space    used 7793K, capacity 8173K, committed 8192K, reserved 1048576K
}
Event: 1180.434 GC heap before
{Heap before GC invocations=14 (full 3):
 PSYoungGen      total 319488K, used 297472K [0x00000000e0000000, 0x00000000f5a80000, 0x0000000100000000)
  eden space 297472K, 100% used [0x00000000e0000000,0x00000000f2280000,0x00000000f2280000)
  from space 22016K, 0% used [0x00000000f3800000,0x00000000f3800000,0x00000000f4d80000)
  to   space 22016K, 0% used [0x00000000f2280000,0x00000000f2280000,0x00000000f3800000)
 ParOldGen       total 76800K, used 27768K [0x00000000a0000000, 0x00000000a4b00000, 0x00000000e0000000)
  object space 76800K, 36% used [0x00000000a0000000,0x00000000a1b1e270,0x00000000a4b00000)
 Metaspace       used 68278K, capacity 70586K, committed 70656K, reserved 1110016K
  class space    used 8961K, capacity 9465K, committed 9472K, reserved 1048576K
Event: 1180.543 GC heap after
Heap after GC invocations=14 (full 3):
 PSYoungGen      total 319488K, used 20521K [0x00000000e0000000, 0x00000000fa180000, 0x0000000100000000)
  eden space 297472K, 0% used [0x00000000e0000000,0x00000000e0000000,0x00000000f2280000)
  from space 22016K, 93% used [0x00000000f2280000,0x00000000f368a6e0,0x00000000f3800000)
  to   space 25088K, 0% used [0x00000000f8900000,0x00000000f8900000,0x00000000fa180000)
 ParOldGen       total 76800K, used 27776K [0x00000000a0000000, 0x00000000a4b00000, 0x00000000e0000000)
  object space 76800K, 36% used [0x00000000a0000000,0x00000000a1b20270,0x00000000a4b00000)
 Metaspace       used 68278K, capacity 70586K, committed 70656K, reserved 1110016K
  class space    used 8961K, capacity 9465K, committed 9472K, reserved 1048576K
}
Event: 1197.927 GC heap before
{Heap before GC invocations=15 (full 3):
 PSYoungGen      total 319488K, used 317993K [0x00000000e0000000, 0x00000000fa180000, 0x0000000100000000)
  eden space 297472K, 100% used [0x00000000e0000000,0x00000000f2280000,0x00000000f2280000)
  from space 22016K, 93% used [0x00000000f2280000,0x00000000f368a6e0,0x00000000f3800000)
  to   space 25088K, 0% used [0x00000000f8900000,0x00000000f8900000,0x00000000fa180000)
 ParOldGen       total 76800K, used 27776K [0x00000000a0000000, 0x00000000a4b00000, 0x00000000e0000000)
  object space 76800K, 36% used [0x00000000a0000000,0x00000000a1b20270,0x00000000a4b00000)
 Metaspace       used 83459K, capacity 86184K, committed 86272K, reserved 1124352K
  class space    used 10688K, capacity 11264K, committed 11264K, reserved 1048576K
Event: 1198.563 GC heap after
Heap after GC invocations=15 (full 3):
 PSYoungGen      total 395264K, used 25066K [0x00000000e0000000, 0x00000000faf80000, 0x0000000100000000)
  eden space 370176K, 0% used [0x00000000e0000000,0x00000000e0000000,0x00000000f6980000)
  from space 25088K, 99% used [0x00000000f8900000,0x00000000fa17a998,0x00000000fa180000)
  to   space 32256K, 0% used [0x00000000f6980000,0x00000000f6980000,0x00000000f8900000)
 ParOldGen       total 76800K, used 37251K [0x00000000a0000000, 0x00000000a4b00000, 0x00000000e0000000)
  object space 76800K, 48% used [0x00000000a0000000,0x00000000a2460ca0,0x00000000a4b00000)
 Metaspace       used 83459K, capacity 86184K, committed 86272K, reserved 1124352K
  class space    used 10688K, capacity 11264K, committed 11264K, reserved 1048576K
}
Event: 1206.867 GC heap before
{Heap before GC invocations=16 (full 3):
 PSYoungGen      total 395264K, used 395242K [0x00000000e0000000, 0x00000000faf80000, 0x0000000100000000)
  eden space 370176K, 100% used [0x00000000e0000000,0x00000000f6980000,0x00000000f6980000)
  from space 25088K, 99% used [0x00000000f8900000,0x00000000fa17a998,0x00000000fa180000)
  to   space 32256K, 0% used [0x00000000f6980000,0x00000000f6980000,0x00000000f8900000)
 ParOldGen       total 76800K, used 37251K [0x00000000a0000000, 0x00000000a4b00000, 0x00000000e0000000)
  object space 76800K, 48% used [0x00000000a0000000,0x00000000a2460ca0,0x00000000a4b00000)
 Metaspace       used 85189K, capacity 88182K, committed 88320K, reserved 1126400K
  class space    used 10882K, capacity 11505K, committed 11520K, reserved 1048576K
Event: 1207.051 GC heap after
Heap after GC invocations=16 (full 3):
 PSYoungGen      total 402432K, used 8979K [0x00000000e0000000, 0x0000000100000000, 0x0000000100000000)
  eden space 370176K, 0% used [0x00000000e0000000,0x00000000e0000000,0x00000000f6980000)
  from space 32256K, 27% used [0x00000000f6980000,0x00000000f7244d28,0x00000000f8900000)
  to   space 31232K, 0% used [0x00000000fe180000,0x00000000fe180000,0x0000000100000000)
 ParOldGen       total 76800K, used 56361K [0x00000000a0000000, 0x00000000a4b00000, 0x00000000e0000000)
  object space 76800K, 73% used [0x00000000a0000000,0x00000000a370a6e8,0x00000000a4b00000)
 Metaspace       used 85189K, capacity 88182K, committed 88320K, reserved 1126400K
  class space    used 10882K, capacity 11505K, committed 11520K, reserved 1048576K
}
Event: 1214.118 GC heap before
{Heap before GC invocations=17 (full 3):
 PSYoungGen      total 402432K, used 379155K [0x00000000e0000000, 0x0000000100000000, 0x0000000100000000)
  eden space 370176K, 100% used [0x00000000e0000000,0x00000000f6980000,0x00000000f6980000)
  from space 32256K, 27% used [0x00000000f6980000,0x00000000f7244d28,0x00000000f8900000)
  to   space 31232K, 0% used [0x00000000fe180000,0x00000000fe180000,0x0000000100000000)
 ParOldGen       total 76800K, used 56361K [0x00000000a0000000, 0x00000000a4b00000, 0x00000000e0000000)
  object space 76800K, 73% used [0x00000000a0000000,0x00000000a370a6e8,0x00000000a4b00000)
 Metaspace       used 85280K, capacity 88298K, committed 88320K, reserved 1126400K
  class space    used 10889K, capacity 11515K, committed 11520K, reserved 1048576K
Event: 1214.385 GC heap after
Heap after GC invocations=17 (full 3):
 PSYoungGen      total 488960K, used 9051K [0x00000000e0000000, 0x00000000ffd00000, 0x0000000100000000)
  eden space 460800K, 0% used [0x00000000e0000000,0x00000000e0000000,0x00000000fc200000)
  from space 28160K, 32% used [0x00000000fe180000,0x00000000fea56d28,0x00000000ffd00000)
  to   space 30208K, 0% used [0x00000000fc200000,0x00000000fc200000,0x00000000fdf80000)
 ParOldGen       total 76800K, used 56369K [0x00000000a0000000, 0x00000000a4b00000, 0x00000000e0000000)
  object space 76800K, 73% used [0x00000000a0000000,0x00000000a370c6e8,0x00000000a4b00000)
 Metaspace       used 85280K, capacity 88298K, committed 88320K, reserved 1126400K
  class space    used 10889K, capacity 11515K, committed 11520K, reserved 1048576K
}

Deoptimization events (10 events):
Event: 1218.836 Thread 0x000000005b606800 Uncommon trap: reason=unstable_if action=reinterpret pc=0x00000000041ae474 method=com.android.tools.r8.graph.DexString.slowCompareTo(Lcom/android/tools/r8/graph/DexString;)I @ 136
Event: 1219.068 Thread 0x000000005b606800 Uncommon trap: reason=bimorphic action=maybe_recompile pc=0x000000000477e2b0 method=java.util.Spliterators$IteratorSpliterator.tryAdvance(Ljava/util/function/Consumer;)Z @ 63
Event: 1219.069 Thread 0x000000005b606800 Uncommon trap: reason=unstable_if action=reinterpret pc=0x000000000390935c method=com.google.common.collect.MapMakerInternalMap$Segment.getEntry(Ljava/lang/Object;I)Lcom/google/common/collect/MapMakerInternalMap$InternalEntry; @ 40
Event: 1221.814 Thread 0x000000005b606800 Uncommon trap: reason=bimorphic action=maybe_recompile pc=0x000000000477e2b0 method=java.util.Spliterators$IteratorSpliterator.tryAdvance(Ljava/util/function/Consumer;)Z @ 63
Event: 1221.981 Thread 0x000000005b606800 Uncommon trap: reason=bimorphic action=maybe_recompile pc=0x0000000004d00440 method=java.util.stream.ReferencePipeline$2$1.accept(Ljava/lang/Object;)V @ 8
Event: 1221.981 Thread 0x000000005b606800 Uncommon trap: reason=bimorphic action=maybe_recompile pc=0x0000000004d00440 method=java.util.stream.ReferencePipeline$2$1.accept(Ljava/lang/Object;)V @ 8
Event: 1221.981 Thread 0x000000005b606800 Uncommon trap: reason=bimorphic action=maybe_recompile pc=0x0000000004d00440 method=java.util.stream.ReferencePipeline$2$1.accept(Ljava/lang/Object;)V @ 8
Event: 1221.981 Thread 0x000000005b606800 Uncommon trap: reason=bimorphic action=maybe_recompile pc=0x0000000004d00440 method=java.util.stream.ReferencePipeline$2$1.accept(Ljava/lang/Object;)V @ 8
Event: 1222.066 Thread 0x000000005b606800 Uncommon trap: reason=unstable_if action=reinterpret pc=0x0000000002a54128 method=java.util.HashMap.resize()[Ljava/util/HashMap$Node; @ 206
Event: 1222.201 Thread 0x000000005b606800 Uncommon trap: reason=unstable_if action=reinterpret pc=0x0000000004c57fd4 method=com.android.tools.r8.ir.optimize.PeepholeOptimizer.removeRedundantInstructions(Lcom/android/tools/r8/ir/code/IRCode;Lcom/android/tools/r8/ir/regalloc/LinearScanRegisterAlloc

Classes redefined (0 events):
No events

Internal exceptions (10 events):
Event: 1191.016 Thread 0x0000000058cf1800 Exception <a 'java/lang/NoSuchMethodError': <clinit>> (0x00000000e00d4798) thrown at [D:\src\AOSP-openjdk-cygwin\jdk8u\hotspot\src\share\vm\prims\jni.cpp, line 1613]
Event: 1191.633 Thread 0x000000005b606800 Exception <a 'java/lang/NoSuchMethodError': java.lang.Object.lambda$static$0(Ljava/lang/String;)Z> (0x00000000ea13db60) thrown at [D:\src\AOSP-openjdk-cygwin\jdk8u\hotspot\src\share\vm\interpreter\linkResolver.cpp, line 584]
Event: 1191.636 Thread 0x000000005b606800 Exception <a 'java/lang/NoSuchMethodError': java.lang.Object.lambda$and$0(Ljava/util/function/Predicate;Ljava/lang/Object;)Z> (0x00000000ea143d40) thrown at [D:\src\AOSP-openjdk-cygwin\jdk8u\hotspot\src\share\vm\interpreter\linkResolver.cpp, line 584]
Event: 1191.814 Thread 0x000000005b606800 Exception <a 'sun/nio/fs/WindowsException'> (0x00000000eab152c0) thrown at [D:\src\AOSP-openjdk-cygwin\jdk8u\hotspot\src\share\vm\prims\jni.cpp, line 709]
Event: 1192.782 Thread 0x000000005b606800 Implicit null exception at 0x000000000466a301 to 0x000000000466b065
Event: 1205.668 Thread 0x000000005b606800 Implicit null exception at 0x00000000036e160a to 0x00000000036e1699
Event: 1206.176 Thread 0x000000005b606800 Exception <a 'sun/nio/fs/WindowsException'> (0x00000000f43ea9b0) thrown at [D:\src\AOSP-openjdk-cygwin\jdk8u\hotspot\src\share\vm\prims\jni.cpp, line 709]
Event: 1206.532 Thread 0x000000005b606800 Exception <a 'sun/nio/fs/WindowsException'> (0x00000000f4fdc5f8) thrown at [D:\src\AOSP-openjdk-cygwin\jdk8u\hotspot\src\share\vm\prims\jni.cpp, line 709]
Event: 1219.062 Thread 0x000000005b606800 Exception <a 'sun/nio/fs/WindowsException'> (0x00000000f137f2a0) thrown at [D:\src\AOSP-openjdk-cygwin\jdk8u\hotspot\src\share\vm\prims\jni.cpp, line 709]
Event: 1221.967 Thread 0x000000005b606800 Exception <a 'sun/nio/fs/WindowsException'> (0x00000000f158bd58) thrown at [D:\src\AOSP-openjdk-cygwin\jdk8u\hotspot\src\share\vm\prims\jni.cpp, line 709]

Events (10 events):
Event: 1222.502 Thread 0x000000005b606800 DEOPT PACKING pc=0x0000000004c7b4d8 sp=0x0000000061159c10
Event: 1222.502 Thread 0x000000005b606800 DEOPT UNPACKING pc=0x00000000027a71d0 sp=0x0000000061159998 mode 0
Event: 1222.519 Thread 0x000000005b606800 DEOPT PACKING pc=0x0000000004e6eb3b sp=0x0000000061159c10
Event: 1222.519 Thread 0x000000005b606800 DEOPT UNPACKING pc=0x00000000027a71d0 sp=0x0000000061159900 mode 0
Event: 1222.576 Thread 0x000000005b606800 DEOPT PACKING pc=0x00000000047437e7 sp=0x0000000061159ed0
Event: 1222.576 Thread 0x000000005b606800 DEOPT UNPACKING pc=0x00000000027a71d0 sp=0x0000000061159bf8 mode 0
Event: 1222.644 Thread 0x00000000560e4800 flushing nmethod 0x000000000337ec90
Event: 1222.746 Thread 0x00000000560e4800 flushing nmethod 0x00000000037c0190
Event: 1222.754 Thread 0x00000000560e4800 flushing nmethod 0x0000000003a657d0
Event: 1222.832 Thread 0x00000000560f2000 flushing nmethod 0x0000000003f9aad0


Dynamic libraries:
0x000000013f800000 - 0x000000013f831000 	C:\Program Files\Android\Android Studio\jre\bin\java.exe
0x0000000076f10000 - 0x00000000770af000 	C:\Windows\SYSTEM32\ntdll.dll
0x0000000076df0000 - 0x0000000076f0f000 	C:\Windows\system32\kernel32.dll
0x000007fefcae0000 - 0x000007fefcb4a000 	C:\Windows\system32\KERNELBASE.dll
0x000007fefef80000 - 0x000007feff05b000 	C:\Windows\system32\ADVAPI32.dll
0x000007fefdfb0000 - 0x000007fefe04f000 	C:\Windows\system32\msvcrt.dll
0x000007feff0d0000 - 0x000007feff0ef000 	C:\Windows\SYSTEM32\sechost.dll
0x000007fefcec0000 - 0x000007fefcfec000 	C:\Windows\system32\RPCRT4.dll
0x0000000076cf0000 - 0x0000000076dea000 	C:\Windows\system32\USER32.dll
0x000007feff060000 - 0x000007feff0c7000 	C:\Windows\system32\GDI32.dll
0x000007fefdac0000 - 0x000007fefdace000 	C:\Windows\system32\LPK.dll
0x000007fefd6b0000 - 0x000007fefd77b000 	C:\Windows\system32\USP10.dll
0x000007fefab10000 - 0x000007fefad05000 	C:\Windows\WinSxS\amd64_microsoft.windows.common-controls_6595b64144ccf1df_6.0.7601.24380_none_e3731d0b30fb6b11\COMCTL32.dll
0x000007fefef00000 - 0x000007fefef71000 	C:\Windows\system32\SHLWAPI.dll
0x000007fefdad0000 - 0x000007fefdafe000 	C:\Windows\system32\IMM32.DLL
0x000007feff0f0000 - 0x000007feff1f9000 	C:\Windows\system32\MSCTF.dll
0x000000006d9a0000 - 0x000000006da72000 	C:\Program Files\Android\Android Studio\jre\jre\bin\msvcr100.dll
0x000000006dc40000 - 0x000000006e481000 	C:\Program Files\Android\Android Studio\jre\jre\bin\server\jvm.dll
0x000007feead00000 - 0x000007feead09000 	C:\Windows\system32\WSOCK32.dll
0x000007fefd8e0000 - 0x000007fefd92d000 	C:\Windows\system32\WS2_32.dll
0x000007fefd6a0000 - 0x000007fefd6a8000 	C:\Windows\system32\NSI.dll
0x000007fefb000000 - 0x000007fefb03b000 	C:\Windows\system32\WINMM.dll
0x000007fefbcc0000 - 0x000007fefbccc000 	C:\Windows\system32\VERSION.dll
0x00000000770c0000 - 0x00000000770c7000 	C:\Windows\system32\PSAPI.DLL
0x000007feef6a0000 - 0x000007feef6af000 	C:\Program Files\Android\Android Studio\jre\jre\bin\verify.dll
0x000007feeb390000 - 0x000007feeb3b9000 	C:\Program Files\Android\Android Studio\jre\jre\bin\java.dll
0x000007feef640000 - 0x000007feef656000 	C:\Program Files\Android\Android Studio\jre\jre\bin\zip.dll
0x000007fefe0f0000 - 0x000007fefee7a000 	C:\Windows\system32\SHELL32.dll
0x000007fefd4a0000 - 0x000007fefd69f000 	C:\Windows\system32\ole32.dll
0x000007fefca60000 - 0x000007fefca6f000 	C:\Windows\system32\profapi.dll
0x000007feeb370000 - 0x000007feeb38a000 	C:\Program Files\Android\Android Studio\jre\jre\bin\net.dll
0x000007fefc1e0000 - 0x000007fefc235000 	C:\Windows\system32\mswsock.dll
0x000007fefc1d0000 - 0x000007fefc1d7000 	C:\Windows\System32\wship6.dll
0x000007feeb2e0000 - 0x000007feeb2f1000 	C:\Program Files\Android\Android Studio\jre\jre\bin\nio.dll
0x000007feeac70000 - 0x000007feeac8e000 	C:\Users\Bogdan\.gradle\native\25\windows-amd64\native-platform.dll
0x000007feeb360000 - 0x000007feeb36d000 	C:\Program Files\Android\Android Studio\jre\jre\bin\management.dll
0x000007fefc240000 - 0x000007fefc258000 	C:\Windows\system32\CRYPTSP.dll
0x000007fefbf00000 - 0x000007fefbf47000 	C:\Windows\system32\rsaenh.dll
0x000007fefcac0000 - 0x000007fefcade000 	C:\Windows\system32\USERENV.dll
0x000007fefc900000 - 0x000007fefc90f000 	C:\Windows\system32\CRYPTBASE.dll
0x000007fefb470000 - 0x000007fefb497000 	C:\Windows\system32\IPHLPAPI.DLL
0x000007fefb460000 - 0x000007fefb46b000 	C:\Windows\system32\WINNSI.DLL
0x000007fef8e50000 - 0x000007fef8e61000 	C:\Windows\system32\dhcpcsvc6.DLL
0x000007fef8d90000 - 0x000007fef8da8000 	C:\Windows\system32\dhcpcsvc.DLL
0x000007fefc8a0000 - 0x000007fefc8f7000 	C:\Windows\system32\apphelp.dll
0x000007fef6ea0000 - 0x000007fef6fc5000 	C:\Windows\system32\dbghelp.dll

VM Arguments:
jvm_args: -Xmx1536m -Dfile.encoding=windows-1252 -Duser.country=GB -Duser.language=en -Duser.variant 
java_command: org.gradle.launcher.daemon.bootstrap.GradleDaemon 5.1.1
java_class_path (initial): C:\Users\Bogdan\.gradle\wrapper\dists\gradle-5.1.1-all\97z1ksx6lirer3kbvdnh7jtjg\gradle-5.1.1\lib\gradle-launcher-5.1.1.jar
Launcher Type: SUN_STANDARD

Environment Variables:
PATH=C:\Program Files (x86)\Common Files\Microsoft Shared\Windows Live;C:\Program Files\ImageMagick-7.0.8-Q16;C:\Program Files (x86)\Common Files\Oracle\Java\javapath;C:\Windows\system32;C:\Windows;C:\Windows\System32\Wbem;C:\Windows\System32\WindowsPowerShell\v1.0\;C:\Program Files\NVIDIA Corporation\NVIDIA NvDLISR;C:\Android;C:\Program Files (x86)\NVIDIA Corporation\PhysX\Common;C:\Program Files\Common Files\Microsoft Shared\Windows Live
USERNAME=Bogdan
OS=Windows_NT
PROCESSOR_IDENTIFIER=Intel64 Family 6 Model 15 Stepping 2, GenuineIntel



---------------  S Y S T E M  ---------------

OS: Windows 7 , 64 bit Build 7601 (6.1.7601.24387)

CPU:total 2 (initial active 2) (2 cores per cpu, 1 threads per core) family 6 model 15 stepping 2, cmov, cx8, fxsr, mmx, sse, sse2, sse3, ssse3, tsc

Memory: 4k page, physical 4193400k(376780k free), swap 11530628k(3789164k free)

vm_info: OpenJDK 64-Bit Server VM (25.152-b01) for windows-amd64 JRE (1.8.0_152-release-1343-b01), built by "builder" with MS VC++ 10.0 (VS2010)

time: Mon Jul 29 20:01:12 2019
elapsed time: 1223 seconds (0d 0h 20m 23s)

