#
# A fatal error has been detected by the Java Runtime Environment:
#
#  EXCEPTION_PRIV_INSTRUCTION (0xc0000096) at pc=0x0000000004a31387, pid=1372, tid=0x0000000000000150
#
# JRE version: OpenJDK Runtime Environment (8.0_152-b01) (build 1.8.0_152-release-1343-b01)
# Java VM: OpenJDK 64-Bit Server VM (25.152-b01 mixed mode windows-amd64 compressed oops)
# Problematic frame:
# J 12644 C1 com.android.tools.r8.ir.conversion.JarSourceCode.buildArgumentInstructions(Lcom/android/tools/r8/ir/conversion/IRBuilder;)V (155 bytes) @ 0x0000000004a31387 [0x0000000004a31140+0x247]
#
# Failed to write core dump. Minidumps are not enabled by default on client versions of Windows
#
# If you would like to submit a bug report, please visit:
#   http://bugreport.java.com/bugreport/crash.jsp
#

---------------  T H R E A D  ---------------

Current thread (0x0000000057f55800):  JavaThread "Daemon worker" [_thread_in_Java, id=336, stack(0x0000000059c30000,0x0000000059d30000)]

siginfo: ExceptionCode=0xc0000096

Registers:
RAX=0x00000000a3f76860, RBX=0x0000000062e01508, RCX=0x00000000444b69ee, RDX=0x00000000e5e731f8
RSP=0x0000000059d270a0, RBP=0x0000000059d27bc0, RSI=0x00000000e5e731f8, RDI=0x00000000a3c4d6a8
R8 =0x0000000000000001, R9 =0x00000000a3f80b90, R10=0x00000000a3d883a0, R11=0x00000000a3f76860
R12=0x0000000000000000, R13=0x00000000000010a3, R14=0x00000000a3d883c8, R15=0x0000000057f55800
RIP=0x0000000004a31387, EFLAGS=0x0000000000010212

Top of Stack: (sp=0x0000000059d270a0)
0x0000000059d270a0:   0000000059d27bc0 000000000484345c
0x0000000059d270b0:   0000000059d27140 00000000e5e73728
0x0000000059d270c0:   0000000200000002 0000000100000001
0x0000000059d270d0:   a3f80bb000000003 00000000e5e732e0
0x0000000059d270e0:   00000000e5e731f8 00000000e5e742f0
0x0000000059d270f0:   0000000100000000 00000000e5e734f0
0x0000000059d27100:   00000000e5e731f8 00000000a3c4d348
0x0000000059d27110:   00000000e5e72fa0 00000000e5e737a0
0x0000000059d27120:   0000000100000001 00000000e5e74678
0x0000000059d27130:   00000000a3c4d348 00000000a3f80b90
0x0000000059d27140:   00000000a3f76860 00000000e5453b58
0x0000000059d27150:   0000000000000009 00000000e5e643c8
0x0000000059d27160:   0000000059d27bc0 0000000004967824
0x0000000059d27170:   0000000059d27bc0 0000000004590e5c
0x0000000059d27180:   00000000e5e738d8 000000006de55966
0x0000000059d27190:   0000000000000000 00000000e5e73898 

Instructions: (pc=0x0000000004a31387)
0x0000000004a31367:   44 8b 84 24 84 00 00 00 4c 8b 8c 24 98 00 00 00
0x0000000004a31377:   48 8b d6 48 89 84 24 a0 00 00 00 90 90 90 90 90
0x0000000004a31387:   e8 b4 1e ab ff 48 8b b4 24 98 00 00 00 49 ba 80
0x0000000004a31397:   8a 92 a3 00 00 00 00 49 3b f2 0f 85 1a 00 00 00 


Register to memory mapping:

RAX=0x00000000a3f76860 is an oop
com.android.tools.r8.ir.analysis.type.ClassTypeLatticeElement 
 - klass: 'com/android/tools/r8/ir/analysis/type/ClassTypeLatticeElement'
RBX={method} {0x0000000062e01510} 'hashCode' '()I' in 'com/android/tools/r8/graph/CachedHashValueDexItem'
RCX=0x00000000444b69ee is an unknown value
RDX=0x00000000e5e731f8 is an oop
com.android.tools.r8.ir.conversion.JarState 
 - klass: 'com/android/tools/r8/ir/conversion/JarState'
RSP=0x0000000059d270a0 is pointing into the stack for thread: 0x0000000057f55800
RBP=0x0000000059d27bc0 is pointing into the stack for thread: 0x0000000057f55800
RSI=0x00000000e5e731f8 is an oop
com.android.tools.r8.ir.conversion.JarState 
 - klass: 'com/android/tools/r8/ir/conversion/JarState'
RDI=0x00000000a3c4d6a8 is an oop
com.android.tools.r8.graph.AppInfo 
 - klass: 'com/android/tools/r8/graph/AppInfo'
R8 =0x0000000000000001 is an unknown value
R9 =0x00000000a3f80b90 is an oop
com.android.tools.r8.org.objectweb.asm.Type 
 - klass: 'com/android/tools/r8/org/objectweb/asm/Type'
R10=0x00000000a3d883a0 is an oop
com.android.tools.r8.graph.DexType 
 - klass: 'com/android/tools/r8/graph/DexType'
R11=0x00000000a3f76860 is an oop
com.android.tools.r8.ir.analysis.type.ClassTypeLatticeElement 
 - klass: 'com/android/tools/r8/ir/analysis/type/ClassTypeLatticeElement'
R12=0x0000000000000000 is an unknown value
R13=0x00000000000010a3 is an unknown value
R14=0x00000000a3d883c8 is an oop
com.android.tools.r8.graph.DexString 
 - klass: 'com/android/tools/r8/graph/DexString'
R15=0x0000000057f55800 is a thread


Stack: [0x0000000059c30000,0x0000000059d30000],  sp=0x0000000059d270a0,  free space=988k
Native frames: (J=compiled Java code, j=interpreted, Vv=VM code, C=native code)
C  0x0000000004a31387


---------------  P R O C E S S  ---------------

Java Threads: ( => current thread )
  0x000000005c7f9800 JavaThread "Cache worker for Java compile cache (E:\Android\UdacityProjects\Pets\.gradle\5.1.1\javaCompile)" [_thread_blocked, id=9104, stack(0x0000000062af0000,0x0000000062bf0000)]
  0x00000000603eb800 JavaThread "Cache worker for Java compile cache (C:\Users\Bogdan\.gradle\caches\5.1.1\javaCompile)" [_thread_blocked, id=6976, stack(0x0000000062940000,0x0000000062a40000)]
  0x00000000603ea000 JavaThread "stdout" [_thread_in_native, id=8760, stack(0x0000000062070000,0x0000000062170000)]
  0x00000000603e9000 JavaThread "stderr" [_thread_in_native, id=7180, stack(0x00000000626f0000,0x00000000627f0000)]
  0x00000000603e8800 JavaThread "pool-4-thread-1" [_thread_blocked, id=8420, stack(0x00000000624c0000,0x00000000625c0000)]
  0x00000000603e7800 JavaThread "Cache worker for execution history cache (E:\Android\UdacityProjects\Pets\.gradle\5.1.1\executionHistory)" [_thread_blocked, id=8656, stack(0x0000000062390000,0x0000000062490000)]
  0x00000000603e6800 JavaThread "Execution worker for ':'" [_thread_blocked, id=4016, stack(0x00000000621f0000,0x00000000622f0000)]
  0x00000000603e6000 JavaThread "Cache worker for file content cache (E:\Android\UdacityProjects\Pets\.gradle\5.1.1\fileContent)" [_thread_blocked, id=7128, stack(0x0000000056f90000,0x0000000057090000)]
  0x00000000603e5000 JavaThread "Cache worker for file content cache (C:\Users\Bogdan\.gradle\caches\5.1.1\fileContent)" [_thread_blocked, id=8344, stack(0x0000000061be0000,0x0000000061ce0000)]
  0x00000000603e4800 JavaThread "Cache worker for Build Output Cleanup Cache (E:\Android\UdacityProjects\Pets\.gradle\buildOutputCleanup)" [_thread_blocked, id=8428, stack(0x0000000061d60000,0x0000000061e60000)]
  0x000000005846c800 JavaThread "Build operations Thread 2" [_thread_blocked, id=7952, stack(0x00000000619a0000,0x0000000061aa0000)]
  0x000000005846c000 JavaThread "Build operations" [_thread_blocked, id=8128, stack(0x0000000061aa0000,0x0000000061ba0000)]
  0x000000005846a800 JavaThread "Cache worker for cache directory md-rule (C:\Users\Bogdan\.gradle\caches\5.1.1\md-rule)" [_thread_blocked, id=8084, stack(0x000000005c9f0000,0x000000005caf0000)]
  0x0000000058468000 JavaThread "Cache worker for cache directory md-supplier (C:\Users\Bogdan\.gradle\caches\5.1.1\md-supplier)" [_thread_blocked, id=4232, stack(0x0000000061590000,0x0000000061690000)]
  0x000000005846b000 JavaThread "Cache worker for file hash cache (E:\Android\UdacityProjects\Pets\.gradle\5.1.1\fileHashes)" [_thread_blocked, id=8628, stack(0x000000005dfb0000,0x000000005e0b0000)]
  0x0000000058467800 JavaThread "Thread-25" [_thread_blocked, id=9080, stack(0x000000005edc0000,0x000000005eec0000)]
  0x0000000058466800 JavaThread "Stdin handler" [_thread_blocked, id=7316, stack(0x000000005e0c0000,0x000000005e1c0000)]
  0x0000000058cd8000 JavaThread "Asynchronous log dispatcher for DefaultDaemonConnection: socket connection from /127.0.0.1:50378 to /127.0.0.1:50390" [_thread_blocked, id=7176, stack(0x000000005d5b0000,0x000000005d6b0000)]
  0x0000000058cd4000 JavaThread "Cancel handler" [_thread_blocked, id=8152, stack(0x000000005a3d0000,0x000000005a4d0000)]
  0x0000000058cd8800 JavaThread "Handler for socket connection from /127.0.0.1:50378 to /127.0.0.1:50390" [_thread_in_native, id=8296, stack(0x0000000059e00000,0x0000000059f00000)]
  0x0000000058469800 JavaThread "Memory manager" [_thread_blocked, id=4916, stack(0x0000000060090000,0x0000000060190000)]
  0x0000000058cd9800 JavaThread "Cache worker for execution history cache (C:\Users\Bogdan\.gradle\caches\5.1.1\executionHistory)" [_thread_blocked, id=3720, stack(0x000000005da60000,0x000000005db60000)]
  0x0000000058cd3800 JavaThread "Cache worker for journal cache (C:\Users\Bogdan\.gradle\caches\journal-1)" [_thread_blocked, id=8448, stack(0x000000005a750000,0x000000005a850000)]
  0x0000000057bb2800 JavaThread "File lock request listener" [_thread_in_native, id=8212, stack(0x000000005a580000,0x000000005a680000)]
  0x0000000057b2d800 JavaThread "Cache worker for file hash cache (C:\Users\Bogdan\.gradle\caches\5.1.1\fileHashes)" [_thread_blocked, id=1416, stack(0x000000005a200000,0x000000005a300000)]
=>0x0000000057f55800 JavaThread "Daemon worker" [_thread_in_Java, id=336, stack(0x0000000059c30000,0x0000000059d30000)]
  0x0000000057c55800 JavaThread "Daemon" [_thread_blocked, id=8660, stack(0x00000000598b0000,0x00000000599b0000)]
  0x000000005600a800 JavaThread "Daemon periodic checks" [_thread_blocked, id=5564, stack(0x00000000581c0000,0x00000000582c0000)]
  0x0000000057bbf800 JavaThread "Incoming local TCP Connector on port 50378" [_thread_in_native, id=8616, stack(0x0000000059780000,0x0000000059880000)]
  0x0000000057360800 JavaThread "Service Thread" daemon [_thread_blocked, id=8492, stack(0x00000000578a0000,0x00000000579a0000)]
  0x000000005602f000 JavaThread "C1 CompilerThread1" daemon [_thread_blocked, id=8580, stack(0x0000000057250000,0x0000000057350000)]
  0x0000000055fe4000 JavaThread "C2 CompilerThread0" daemon [_thread_blocked, id=8572, stack(0x0000000057090000,0x0000000057190000)]
  0x0000000055fe2800 JavaThread "Attach Listener" daemon [_thread_blocked, id=8272, stack(0x0000000056e90000,0x0000000056f90000)]
  0x0000000055fe1800 JavaThread "Signal Dispatcher" daemon [_thread_blocked, id=8072, stack(0x0000000056d40000,0x0000000056e40000)]
  0x0000000055fbd000 JavaThread "Finalizer" daemon [_thread_blocked, id=8780, stack(0x0000000056a20000,0x0000000056b20000)]
  0x0000000055f74000 JavaThread "Reference Handler" daemon [_thread_blocked, id=7204, stack(0x0000000056b80000,0x0000000056c80000)]
  0x00000000002de800 JavaThread "main" [_thread_blocked, id=7116, stack(0x00000000023d0000,0x00000000024d0000)]

Other Threads:
  0x0000000055f6c000 VMThread [stack: 0x00000000568d0000,0x00000000569d0000] [id=7348]
  0x000000005603b800 WatcherThread [stack: 0x0000000057760000,0x0000000057860000] [id=3080]

VM state:synchronizing (normal execution)

VM Mutex/Monitor currently owned by a thread:  ([mutex/lock_event])
[0x00000000002dc900] Safepoint_lock - owner thread: 0x0000000055f6c000
[0x00000000002dc980] Threads_lock - owner thread: 0x0000000055f6c000

Heap:
 PSYoungGen      total 288768K, used 99894K [0x00000000e0000000, 0x00000000f4400000, 0x0000000100000000)
  eden space 258560K, 37% used [0x00000000e0000000,0x00000000e5f7c5d8,0x00000000efc80000)
  from space 30208K, 7% used [0x00000000f1a00000,0x00000000f1c11228,0x00000000f3780000)
  to   space 30208K, 0% used [0x00000000efc80000,0x00000000efc80000,0x00000000f1a00000)
 ParOldGen       total 94720K, used 65880K [0x00000000a0000000, 0x00000000a5c80000, 0x00000000e0000000)
  object space 94720K, 69% used [0x00000000a0000000,0x00000000a4056158,0x00000000a5c80000)
 Metaspace       used 85912K, capacity 88744K, committed 88960K, reserved 1126400K
  class space    used 11045K, capacity 11640K, committed 11648K, reserved 1048576K

Card table byte_map: [0x0000000011b60000,0x0000000011e70000] byte_map_base: 0x0000000011660000

Marking Bits: (ParMarkBitMap*) 0x000000006e405aa0
 Begin Bits: [0x0000000012340000, 0x0000000013b40000)
 End Bits:   [0x0000000013b40000, 0x0000000015340000)

Polling page: 0x0000000000240000

CodeCache: size=245760Kb used=36165Kb max_used=36165Kb free=209594Kb
 bounds [0x00000000027a0000, 0x0000000004b20000, 0x00000000117a0000]
 total_blobs=12632 nmethods=11752 adapters=791
 compilation: enabled

Compilation events (10 events):
Event: 157.238 Thread 0x000000005602f000 13178       2       java.util.ArrayDeque::doubleCapacity (108 bytes)
Event: 157.238 Thread 0x000000005602f000 nmethod 13178 0x0000000004b15a90 code [0x0000000004b15c20, 0x0000000004b16068]
Event: 157.246 Thread 0x000000005602f000 13179       2       com.android.tools.r8.com.google.common.collect.Iterators$ConcatenatedIterator::getTopMetaIterator (64 bytes)
Event: 157.247 Thread 0x000000005602f000 nmethod 13179 0x0000000004b16210 code [0x0000000004b163a0, 0x0000000004b16688]
Event: 157.272 Thread 0x000000005602f000 13180       2       com.android.tools.r8.ir.regalloc.SpillMoveSet::addInMove (64 bytes)
Event: 157.273 Thread 0x000000005602f000 nmethod 13180 0x0000000004b16790 code [0x0000000004b16940, 0x0000000004b16cd8]
Event: 157.292 Thread 0x000000005602f000 13181       2       com.android.tools.r8.ir.code.LogicalBinop::needsValueInRegister (46 bytes)
Event: 157.293 Thread 0x000000005602f000 nmethod 13181 0x0000000004b16f10 code [0x0000000004b17080, 0x0000000004b17298]
Event: 157.295 Thread 0x000000005602f000 13182       2       com.android.tools.r8.ir.analysis.type.TypeLatticeElement::strictlyLessThan (39 bytes)
Event: 157.295 Thread 0x000000005602f000 nmethod 13182 0x0000000004b17390 code [0x0000000004b17520, 0x0000000004b17778]

GC Heap History (10 events):
Event: 58.364 GC heap before
{Heap before GC invocations=15 (full 3):
 PSYoungGen      total 194560K, used 9262K [0x00000000e0000000, 0x00000000ece00000, 0x0000000100000000)
  eden space 179200K, 0% used [0x00000000e0000000,0x00000000e0000000,0x00000000eaf00000)
  from space 15360K, 60% used [0x00000000ebf00000,0x00000000ec80b840,0x00000000ece00000)
  to   space 15872K, 0% used [0x00000000eaf00000,0x00000000eaf00000,0x00000000ebe80000)
 ParOldGen       total 58880K, used 31210K [0x00000000a0000000, 0x00000000a3980000, 0x00000000e0000000)
  object space 58880K, 53% used [0x00000000a0000000,0x00000000a1e7aae0,0x00000000a3980000)
 Metaspace       used 57587K, capacity 58956K, committed 59096K, reserved 1099776K
  class space    used 7623K, capacity 7970K, committed 8064K, reserved 1048576K
Event: 59.099 GC heap after
Heap after GC invocations=15 (full 3):
 PSYoungGen      total 194560K, used 0K [0x00000000e0000000, 0x00000000ece00000, 0x0000000100000000)
  eden space 179200K, 0% used [0x00000000e0000000,0x00000000e0000000,0x00000000eaf00000)
  from space 15360K, 0% used [0x00000000ebf00000,0x00000000ebf00000,0x00000000ece00000)
  to   space 15872K, 0% used [0x00000000eaf00000,0x00000000eaf00000,0x00000000ebe80000)
 ParOldGen       total 94720K, used 31950K [0x00000000a0000000, 0x00000000a5c80000, 0x00000000e0000000)
  object space 94720K, 33% used [0x00000000a0000000,0x00000000a1f339e0,0x00000000a5c80000)
 Metaspace       used 57561K, capacity 58868K, committed 59096K, reserved 1099776K
  class space    used 7616K, capacity 7962K, committed 8064K, reserved 1048576K
}
Event: 75.292 GC heap before
{Heap before GC invocations=16 (full 3):
 PSYoungGen      total 194560K, used 179200K [0x00000000e0000000, 0x00000000ece00000, 0x0000000100000000)
  eden space 179200K, 100% used [0x00000000e0000000,0x00000000eaf00000,0x00000000eaf00000)
  from space 15360K, 0% used [0x00000000ebf00000,0x00000000ebf00000,0x00000000ece00000)
  to   space 15872K, 0% used [0x00000000eaf00000,0x00000000eaf00000,0x00000000ebe80000)
 ParOldGen       total 94720K, used 31950K [0x00000000a0000000, 0x00000000a5c80000, 0x00000000e0000000)
  object space 94720K, 33% used [0x00000000a0000000,0x00000000a1f339e0,0x00000000a5c80000)
 Metaspace       used 66259K, capacity 68490K, committed 68608K, reserved 1107968K
  class space    used 8904K, capacity 9391K, committed 9472K, reserved 1048576K
Event: 75.672 GC heap after
Heap after GC invocations=16 (full 3):
 PSYoungGen      total 195072K, used 14857K [0x00000000e0000000, 0x00000000efa00000, 0x0000000100000000)
  eden space 179200K, 0% used [0x00000000e0000000,0x00000000e0000000,0x00000000eaf00000)
  from space 15872K, 93% used [0x00000000eaf00000,0x00000000ebd82488,0x00000000ebe80000)
  to   space 17920K, 0% used [0x00000000ee880000,0x00000000ee880000,0x00000000efa00000)
 ParOldGen       total 94720K, used 31958K [0x00000000a0000000, 0x00000000a5c80000, 0x00000000e0000000)
  object space 94720K, 33% used [0x00000000a0000000,0x00000000a1f359e0,0x00000000a5c80000)
 Metaspace       used 66259K, capacity 68490K, committed 68608K, reserved 1107968K
  class space    used 8904K, capacity 9391K, committed 9472K, reserved 1048576K
}
Event: 116.795 GC heap before
{Heap before GC invocations=17 (full 3):
 PSYoungGen      total 195072K, used 194057K [0x00000000e0000000, 0x00000000efa00000, 0x0000000100000000)
  eden space 179200K, 100% used [0x00000000e0000000,0x00000000eaf00000,0x00000000eaf00000)
  from space 15872K, 93% used [0x00000000eaf00000,0x00000000ebd82488,0x00000000ebe80000)
  to   space 17920K, 0% used [0x00000000ee880000,0x00000000ee880000,0x00000000efa00000)
 ParOldGen       total 94720K, used 31958K [0x00000000a0000000, 0x00000000a5c80000, 0x00000000e0000000)
  object space 94720K, 33% used [0x00000000a0000000,0x00000000a1f359e0,0x00000000a5c80000)
 Metaspace       used 71205K, capacity 73680K, committed 73856K, reserved 1114112K
  class space    used 9294K, capacity 9834K, committed 9856K, reserved 1048576K
Event: 117.152 GC heap after
Heap after GC invocations=17 (full 3):
 PSYoungGen      total 234496K, used 17908K [0x00000000e0000000, 0x00000000efe00000, 0x0000000100000000)
  eden space 216576K, 0% used [0x00000000e0000000,0x00000000e0000000,0x00000000ed380000)
  from space 17920K, 99% used [0x00000000ee880000,0x00000000ef9fd398,0x00000000efa00000)
  to   space 21504K, 0% used [0x00000000ed380000,0x00000000ed380000,0x00000000ee880000)
 ParOldGen       total 94720K, used 34493K [0x00000000a0000000, 0x00000000a5c80000, 0x00000000e0000000)
  object space 94720K, 36% used [0x00000000a0000000,0x00000000a21af748,0x00000000a5c80000)
 Metaspace       used 71205K, capacity 73680K, committed 73856K, reserved 1114112K
  class space    used 9294K, capacity 9834K, committed 9856K, reserved 1048576K
}
Event: 149.943 GC heap before
{Heap before GC invocations=18 (full 3):
 PSYoungGen      total 234496K, used 234484K [0x00000000e0000000, 0x00000000efe00000, 0x0000000100000000)
  eden space 216576K, 100% used [0x00000000e0000000,0x00000000ed380000,0x00000000ed380000)
  from space 17920K, 99% used [0x00000000ee880000,0x00000000ef9fd398,0x00000000efa00000)
  to   space 21504K, 0% used [0x00000000ed380000,0x00000000ed380000,0x00000000ee880000)
 ParOldGen       total 94720K, used 34493K [0x00000000a0000000, 0x00000000a5c80000, 0x00000000e0000000)
  object space 94720K, 36% used [0x00000000a0000000,0x00000000a21af748,0x00000000a5c80000)
 Metaspace       used 85075K, capacity 87834K, committed 87936K, reserved 1126400K
  class space    used 10977K, capacity 11571K, committed 11648K, reserved 1048576K
Event: 150.187 GC heap after
Heap after GC invocations=18 (full 3):
 PSYoungGen      total 238080K, used 21486K [0x00000000e0000000, 0x00000000f3780000, 0x0000000100000000)
  eden space 216576K, 0% used [0x00000000e0000000,0x00000000e0000000,0x00000000ed380000)
  from space 21504K, 99% used [0x00000000ed380000,0x00000000ee87bab0,0x00000000ee880000)
  to   space 30208K, 0% used [0x00000000f1a00000,0x00000000f1a00000,0x00000000f3780000)
 ParOldGen       total 94720K, used 49208K [0x00000000a0000000, 0x00000000a5c80000, 0x00000000e0000000)
  object space 94720K, 51% used [0x00000000a0000000,0x00000000a300e300,0x00000000a5c80000)
 Metaspace       used 85075K, capacity 87834K, committed 87936K, reserved 1126400K
  class space    used 10977K, capacity 11571K, committed 11648K, reserved 1048576K
}
Event: 155.556 GC heap before
{Heap before GC invocations=19 (full 3):
 PSYoungGen      total 238080K, used 238062K [0x00000000e0000000, 0x00000000f3780000, 0x0000000100000000)
  eden space 216576K, 100% used [0x00000000e0000000,0x00000000ed380000,0x00000000ed380000)
  from space 21504K, 99% used [0x00000000ed380000,0x00000000ee87bab0,0x00000000ee880000)
  to   space 30208K, 0% used [0x00000000f1a00000,0x00000000f1a00000,0x00000000f3780000)
 ParOldGen       total 94720K, used 49208K [0x00000000a0000000, 0x00000000a5c80000, 0x00000000e0000000)
  object space 94720K, 51% used [0x00000000a0000000,0x00000000a300e300,0x00000000a5c80000)
 Metaspace       used 85863K, capacity 88668K, committed 88704K, reserved 1126400K
  class space    used 11043K, capacity 11640K, committed 11648K, reserved 1048576K
Event: 155.773 GC heap after
Heap after GC invocations=19 (full 3):
 PSYoungGen      total 288768K, used 2116K [0x00000000e0000000, 0x00000000f4400000, 0x0000000100000000)
  eden space 258560K, 0% used [0x00000000e0000000,0x00000000e0000000,0x00000000efc80000)
  from space 30208K, 7% used [0x00000000f1a00000,0x00000000f1c11228,0x00000000f3780000)
  to   space 30208K, 0% used [0x00000000efc80000,0x00000000efc80000,0x00000000f1a00000)
 ParOldGen       total 94720K, used 65880K [0x00000000a0000000, 0x00000000a5c80000, 0x00000000e0000000)
  object space 94720K, 69% used [0x00000000a0000000,0x00000000a4056158,0x00000000a5c80000)
 Metaspace       used 85863K, capacity 88668K, committed 88704K, reserved 1126400K
  class space    used 11043K, capacity 11640K, committed 11648K, reserved 1048576K
}

Deoptimization events (10 events):
Event: 152.915 Thread 0x0000000057f55800 Uncommon trap: reason=bimorphic action=maybe_recompile pc=0x00000000045bd9e8 method=com.android.tools.r8.ir.code.ValueType.fromTypeLattice(Lcom/android/tools/r8/ir/analysis/type/TypeLatticeElement;)Lcom/android/tools/r8/ir/code/ValueType; @ 23
Event: 152.995 Thread 0x0000000057f55800 Uncommon trap: reason=bimorphic action=maybe_recompile pc=0x00000000048cd6b8 method=com.android.tools.r8.ir.analysis.constant.SparseConditionalConstantPropagation.visitInstruction(Lcom/android/tools/r8/ir/code/Instruction;)V @ 40
Event: 153.143 Thread 0x0000000057f55800 Uncommon trap: reason=unstable_if action=reinterpret pc=0x0000000003cde604 method=java.util.Collections$SetFromMap.add(Ljava/lang/Object;)Z @ 13
Event: 153.155 Thread 0x0000000057f55800 Uncommon trap: reason=unstable_if action=reinterpret pc=0x00000000047bbf58 method=com.android.tools.r8.ir.regalloc.LinearScanRegisterAllocator.isLocalLiveAtInstruction(Lcom/android/tools/r8/ir/code/Instruction;IILcom/android/tools/r8/ir/code/Value;)Z @ 43
Event: 153.285 Thread 0x0000000057f55800 Uncommon trap: reason=bimorphic action=maybe_recompile pc=0x00000000048cd6b8 method=com.android.tools.r8.ir.analysis.constant.SparseConditionalConstantPropagation.visitInstruction(Lcom/android/tools/r8/ir/code/Instruction;)V @ 40
Event: 154.696 Thread 0x0000000057f55800 Uncommon trap: reason=bimorphic action=maybe_recompile pc=0x0000000003d093b8 method=java.util.Collections$SetFromMap.contains(Ljava/lang/Object;)Z @ 5
Event: 156.393 Thread 0x0000000057f55800 Uncommon trap: reason=unstable_if action=reinterpret pc=0x000000000347598c method=java.util.LinkedHashMap.afterNodeInsertion(Z)V @ 18
Event: 157.046 Thread 0x0000000057f55800 Uncommon trap: reason=unstable_if action=reinterpret pc=0x0000000004abd194 method=com.android.tools.r8.ir.optimize.PeepholeOptimizer.removeRedundantInstructions(Lcom/android/tools/r8/ir/code/IRCode;Lcom/android/tools/r8/ir/regalloc/LinearScanRegisterAlloc
Event: 157.056 Thread 0x0000000057f55800 Uncommon trap: reason=bimorphic action=maybe_recompile pc=0x00000000048cd6b8 method=com.android.tools.r8.ir.analysis.constant.SparseConditionalConstantPropagation.visitInstruction(Lcom/android/tools/r8/ir/code/Instruction;)V @ 40
Event: 157.061 Thread 0x0000000057f55800 Uncommon trap: reason=bimorphic action=maybe_recompile pc=0x00000000048cd6b8 method=com.android.tools.r8.ir.analysis.constant.SparseConditionalConstantPropagation.visitInstruction(Lcom/android/tools/r8/ir/code/Instruction;)V @ 40

Classes redefined (0 events):
No events

Internal exceptions (10 events):
Event: 118.651 Thread 0x00000000603e6800 Exception <a 'sun/nio/fs/WindowsException'> (0x00000000e0d81f10) thrown at [D:\src\AOSP-openjdk-cygwin\jdk8u\hotspot\src\share\vm\prims\jni.cpp, line 709]
Event: 118.706 Thread 0x00000000603e6800 Exception <a 'sun/nio/fs/WindowsException'> (0x00000000e0db5a50) thrown at [D:\src\AOSP-openjdk-cygwin\jdk8u\hotspot\src\share\vm\prims\jni.cpp, line 709]
Event: 118.793 Thread 0x00000000603e6800 Exception <a 'sun/nio/fs/WindowsException'> (0x00000000e0de9bc8) thrown at [D:\src\AOSP-openjdk-cygwin\jdk8u\hotspot\src\share\vm\prims\jni.cpp, line 709]
Event: 118.812 Thread 0x00000000603e6800 Exception <a 'sun/nio/fs/WindowsException'> (0x00000000e0e1d3e0) thrown at [D:\src\AOSP-openjdk-cygwin\jdk8u\hotspot\src\share\vm\prims\jni.cpp, line 709]
Event: 118.835 Thread 0x00000000603e6800 Exception <a 'sun/nio/fs/WindowsException'> (0x00000000e0eccd48) thrown at [D:\src\AOSP-openjdk-cygwin\jdk8u\hotspot\src\share\vm\prims\jni.cpp, line 709]
Event: 118.931 Thread 0x00000000603e6800 Exception <a 'sun/nio/fs/WindowsException'> (0x00000000e0f00c98) thrown at [D:\src\AOSP-openjdk-cygwin\jdk8u\hotspot\src\share\vm\prims\jni.cpp, line 709]
Event: 142.267 Thread 0x0000000058467800 Exception <a 'java/lang/NoSuchMethodError': <clinit>> (0x00000000e3bca420) thrown at [D:\src\AOSP-openjdk-cygwin\jdk8u\hotspot\src\share\vm\prims\jni.cpp, line 1613]
Event: 143.618 Thread 0x0000000057f55800 Exception <a 'java/lang/NoSuchMethodError': java.lang.Object.lambda$static$0(Ljava/lang/String;)Z> (0x00000000e7122cf0) thrown at [D:\src\AOSP-openjdk-cygwin\jdk8u\hotspot\src\share\vm\interpreter\linkResolver.cpp, line 584]
Event: 143.619 Thread 0x0000000057f55800 Exception <a 'java/lang/NoSuchMethodError': java.lang.Object.lambda$and$0(Ljava/util/function/Predicate;Ljava/lang/Object;)Z> (0x00000000e7129488) thrown at [D:\src\AOSP-openjdk-cygwin\jdk8u\hotspot\src\share\vm\interpreter\linkResolver.cpp, line 584]
Event: 143.950 Thread 0x0000000057f55800 Exception <a 'sun/nio/fs/WindowsException'> (0x00000000e7bdfca8) thrown at [D:\src\AOSP-openjdk-cygwin\jdk8u\hotspot\src\share\vm\prims\jni.cpp, line 709]

Events (10 events):
Event: 156.393 Thread 0x0000000057f55800 DEOPT UNPACKING pc=0x00000000027e557b sp=0x0000000059d26b08 mode 2
Event: 157.046 Thread 0x0000000057f55800 Uncommon trap: trap_request=0xffffff65 fr.pc=0x0000000004abd194
Event: 157.046 Thread 0x0000000057f55800 DEOPT PACKING pc=0x0000000004abd194 sp=0x0000000059d27430
Event: 157.046 Thread 0x0000000057f55800 DEOPT UNPACKING pc=0x00000000027e557b sp=0x0000000059d27438 mode 2
Event: 157.056 Thread 0x0000000057f55800 Uncommon trap: trap_request=0xffffffc6 fr.pc=0x00000000048cd6b8
Event: 157.056 Thread 0x0000000057f55800 DEOPT PACKING pc=0x00000000048cd6b8 sp=0x0000000059d27640
Event: 157.056 Thread 0x0000000057f55800 DEOPT UNPACKING pc=0x00000000027e557b sp=0x0000000059d275f0 mode 2
Event: 157.061 Thread 0x0000000057f55800 Uncommon trap: trap_request=0xffffffc6 fr.pc=0x00000000048cd6b8
Event: 157.061 Thread 0x0000000057f55800 DEOPT PACKING pc=0x00000000048cd6b8 sp=0x0000000059d27640
Event: 157.061 Thread 0x0000000057f55800 DEOPT UNPACKING pc=0x00000000027e557b sp=0x0000000059d275f0 mode 2


Dynamic libraries:
0x000000013f0b0000 - 0x000000013f0e1000 	C:\Program Files\Android\Android Studio\jre\bin\java.exe
0x0000000076f10000 - 0x00000000770af000 	C:\Windows\SYSTEM32\ntdll.dll
0x0000000076df0000 - 0x0000000076f0f000 	C:\Windows\system32\kernel32.dll
0x000007fefcae0000 - 0x000007fefcb4a000 	C:\Windows\system32\KERNELBASE.dll
0x000007fefef80000 - 0x000007feff05b000 	C:\Windows\system32\ADVAPI32.dll
0x000007fefdfb0000 - 0x000007fefe04f000 	C:\Windows\system32\msvcrt.dll
0x000007feff0d0000 - 0x000007feff0ef000 	C:\Windows\SYSTEM32\sechost.dll
0x000007fefcec0000 - 0x000007fefcfec000 	C:\Windows\system32\RPCRT4.dll
0x0000000076cf0000 - 0x0000000076dea000 	C:\Windows\system32\USER32.dll
0x000007feff060000 - 0x000007feff0c7000 	C:\Windows\system32\GDI32.dll
0x000007fefdac0000 - 0x000007fefdace000 	C:\Windows\system32\LPK.dll
0x000007fefd6b0000 - 0x000007fefd77b000 	C:\Windows\system32\USP10.dll
0x000007fefab10000 - 0x000007fefad05000 	C:\Windows\WinSxS\amd64_microsoft.windows.common-controls_6595b64144ccf1df_6.0.7601.24380_none_e3731d0b30fb6b11\COMCTL32.dll
0x000007fefef00000 - 0x000007fefef71000 	C:\Windows\system32\SHLWAPI.dll
0x000007fefdad0000 - 0x000007fefdafe000 	C:\Windows\system32\IMM32.DLL
0x000007feff0f0000 - 0x000007feff1f9000 	C:\Windows\system32\MSCTF.dll
0x000000006d9a0000 - 0x000000006da72000 	C:\Program Files\Android\Android Studio\jre\jre\bin\msvcr100.dll
0x000000006dc40000 - 0x000000006e481000 	C:\Program Files\Android\Android Studio\jre\jre\bin\server\jvm.dll
0x000007feead00000 - 0x000007feead09000 	C:\Windows\system32\WSOCK32.dll
0x000007fefd8e0000 - 0x000007fefd92d000 	C:\Windows\system32\WS2_32.dll
0x000007fefd6a0000 - 0x000007fefd6a8000 	C:\Windows\system32\NSI.dll
0x000007fefb000000 - 0x000007fefb03b000 	C:\Windows\system32\WINMM.dll
0x000007fefbcc0000 - 0x000007fefbccc000 	C:\Windows\system32\VERSION.dll
0x00000000770c0000 - 0x00000000770c7000 	C:\Windows\system32\PSAPI.DLL
0x000007feef6a0000 - 0x000007feef6af000 	C:\Program Files\Android\Android Studio\jre\jre\bin\verify.dll
0x000007feeb390000 - 0x000007feeb3b9000 	C:\Program Files\Android\Android Studio\jre\jre\bin\java.dll
0x000007feef640000 - 0x000007feef656000 	C:\Program Files\Android\Android Studio\jre\jre\bin\zip.dll
0x000007fefe0f0000 - 0x000007fefee7a000 	C:\Windows\system32\SHELL32.dll
0x000007fefd4a0000 - 0x000007fefd69f000 	C:\Windows\system32\ole32.dll
0x000007fefca60000 - 0x000007fefca6f000 	C:\Windows\system32\profapi.dll
0x000007feeb370000 - 0x000007feeb38a000 	C:\Program Files\Android\Android Studio\jre\jre\bin\net.dll
0x000007fefc1e0000 - 0x000007fefc235000 	C:\Windows\system32\mswsock.dll
0x000007fefc1d0000 - 0x000007fefc1d7000 	C:\Windows\System32\wship6.dll
0x000007feeb2e0000 - 0x000007feeb2f1000 	C:\Program Files\Android\Android Studio\jre\jre\bin\nio.dll
0x000007feeac70000 - 0x000007feeac8e000 	C:\Users\Bogdan\.gradle\native\25\windows-amd64\native-platform.dll
0x000007feeb360000 - 0x000007feeb36d000 	C:\Program Files\Android\Android Studio\jre\jre\bin\management.dll
0x000007fefc240000 - 0x000007fefc258000 	C:\Windows\system32\CRYPTSP.dll
0x000007fefbf00000 - 0x000007fefbf47000 	C:\Windows\system32\rsaenh.dll
0x000007fefcac0000 - 0x000007fefcade000 	C:\Windows\system32\USERENV.dll
0x000007fefc900000 - 0x000007fefc90f000 	C:\Windows\system32\CRYPTBASE.dll
0x000007fefb470000 - 0x000007fefb497000 	C:\Windows\system32\IPHLPAPI.DLL
0x000007fefb460000 - 0x000007fefb46b000 	C:\Windows\system32\WINNSI.DLL
0x000007fef8e50000 - 0x000007fef8e61000 	C:\Windows\system32\dhcpcsvc6.DLL
0x000007fef8d90000 - 0x000007fef8da8000 	C:\Windows\system32\dhcpcsvc.DLL
0x000007fefc8a0000 - 0x000007fefc8f7000 	C:\Windows\system32\apphelp.dll
0x000007fef6ea0000 - 0x000007fef6fc5000 	C:\Windows\system32\dbghelp.dll

VM Arguments:
jvm_args: -Xmx1536m -Dfile.encoding=windows-1252 -Duser.country=GB -Duser.language=en -Duser.variant 
java_command: org.gradle.launcher.daemon.bootstrap.GradleDaemon 5.1.1
java_class_path (initial): C:\Users\Bogdan\.gradle\wrapper\dists\gradle-5.1.1-all\97z1ksx6lirer3kbvdnh7jtjg\gradle-5.1.1\lib\gradle-launcher-5.1.1.jar
Launcher Type: SUN_STANDARD

Environment Variables:
PATH=C:\Program Files (x86)\Common Files\Microsoft Shared\Windows Live;C:\Program Files\ImageMagick-7.0.8-Q16;C:\Program Files (x86)\Common Files\Oracle\Java\javapath;C:\Windows\system32;C:\Windows;C:\Windows\System32\Wbem;C:\Windows\System32\WindowsPowerShell\v1.0\;C:\Program Files\NVIDIA Corporation\NVIDIA NvDLISR;C:\Android;C:\Program Files (x86)\NVIDIA Corporation\PhysX\Common;C:\Program Files\Common Files\Microsoft Shared\Windows Live
USERNAME=Bogdan
OS=Windows_NT
PROCESSOR_IDENTIFIER=Intel64 Family 6 Model 15 Stepping 2, GenuineIntel



---------------  S Y S T E M  ---------------

OS: Windows 7 , 64 bit Build 7601 (6.1.7601.24387)

CPU:total 2 (initial active 2) (2 cores per cpu, 1 threads per core) family 6 model 15 stepping 2, cmov, cx8, fxsr, mmx, sse, sse2, sse3, ssse3, tsc

Memory: 4k page, physical 4193400k(503196k free), swap 11530628k(4502992k free)

vm_info: OpenJDK 64-Bit Server VM (25.152-b01) for windows-amd64 JRE (1.8.0_152-release-1343-b01), built by "builder" with MS VC++ 10.0 (VS2010)

time: Mon Jul 29 19:40:44 2019
elapsed time: 159 seconds (0d 0h 2m 39s)

